[debug] [2023-06-24T15:38:27.851Z] ----------------------------------------------------------------------
[debug] [2023-06-24T15:38:27.977Z] Command:       C:\Program Files\nodejs\node.exe C:\Users\hp\AppData\Roaming\npm\node_modules\firebase-tools\lib\bin\firebase.js init
[debug] [2023-06-24T15:38:27.979Z] CLI Version:   12.3.1
[debug] [2023-06-24T15:38:27.979Z] Platform:      win32
[debug] [2023-06-24T15:38:27.979Z] Node Version:  v19.8.1
[debug] [2023-06-24T15:38:27.980Z] Time:          Sat Jun 24 2023 17:38:27 GMT+0200 (Central European Summer Time)
[debug] [2023-06-24T15:38:27.980Z] ----------------------------------------------------------------------
[debug] 
[debug] [2023-06-24T15:38:28.096Z] >>> [apiv2][query] GET https://firebase-public.firebaseio.com/cli.json [none]
[debug] [2023-06-24T15:38:28.466Z] > command requires scopes: ["email","openid","https://www.googleapis.com/auth/cloudplatformprojects.readonly","https://www.googleapis.com/auth/firebase","https://www.googleapis.com/auth/cloud-platform"]
[debug] [2023-06-24T15:38:28.467Z] > authorizing via signed-in user (eng.hos.eldin@gmail.com)
[info] 
     ######## #### ########  ######## ########     ###     ######  ########
     ##        ##  ##     ## ##       ##     ##  ##   ##  ##       ##
     ######    ##  ########  ######   ########  #########  ######  ######
     ##        ##  ##    ##  ##       ##     ## ##     ##       ## ##
     ##       #### ##     ## ######## ########  ##     ##  ######  ########

You're about to initialize a Firebase project in this directory:

  D:\WEB DEVELOPING\my coding\learning\React\social media app pedro\social_media

Before we get started, keep in mind:

  * You are initializing within an existing Firebase project directory

[debug] [2023-06-24T15:38:34.088Z] <<< [apiv2][status] GET https://firebase-public.firebaseio.com/cli.json 200
[debug] [2023-06-24T15:38:34.088Z] <<< [apiv2][body] GET https://firebase-public.firebaseio.com/cli.json {"cloudBuildErrorAfter":1594252800000,"cloudBuildWarnAfter":1590019200000,"defaultNode10After":1594252800000,"minVersion":"3.0.5","node8DeploysDisabledAfter":1613390400000,"node8RuntimeDisabledAfter":1615809600000,"node8WarnAfter":1600128000000}
[info] 
=== Project Setup
[info] 
[info] First, let's associate this project directory with a Firebase project.
[info] You can create multiple project aliases by running firebase use --add, 
[info] but for now we'll just set up a default project.
[info] 
[debug] [2023-06-24T15:39:33.189Z] Using project from CLI flag: social-media-react-8cdaa
[debug] [2023-06-24T15:39:33.200Z] > refreshing access token with scopes: []
[debug] [2023-06-24T15:39:33.203Z] >>> [apiv2][query] POST https://www.googleapis.com/oauth2/v3/token [none]
[debug] [2023-06-24T15:39:33.203Z] >>> [apiv2][body] POST https://www.googleapis.com/oauth2/v3/token [omitted]
[debug] [2023-06-24T15:39:37.057Z] <<< [apiv2][status] POST https://www.googleapis.com/oauth2/v3/token 200
[debug] [2023-06-24T15:39:37.057Z] <<< [apiv2][body] POST https://www.googleapis.com/oauth2/v3/token [omitted]
[debug] [2023-06-24T15:39:37.204Z] >>> [apiv2][query] GET https://firebase.googleapis.com/v1beta1/projects/social-media-react-8cdaa [none]
[debug] [2023-06-24T15:39:38.145Z] <<< [apiv2][status] GET https://firebase.googleapis.com/v1beta1/projects/social-media-react-8cdaa 200
[debug] [2023-06-24T15:39:38.146Z] <<< [apiv2][body] GET https://firebase.googleapis.com/v1beta1/projects/social-media-react-8cdaa {"projectId":"social-media-react-8cdaa","projectNumber":"676571146695","displayName":"social media react","name":"projects/social-media-react-8cdaa","resources":{"hostingSite":"social-media-react-8cdaa"},"state":"ACTIVE","etag":"1_9497220d-e396-475e-940c-9be1a461d6a3"}
[info] i  Using project social-media-react-8cdaa (social media react) 
[info] 
=== Hosting:github Setup
[info] 
[info] i  Detected a .git folder at D:\WEB DEVELOPING\my coding\learning\React\social media app pedro\social_media 
[info] i  Authorizing with GitHub to upload your service account to a GitHub repository's secrets store. 
[info] 
[info] Visit this URL on this device to log in:
[info] https://github.com/login/oauth/authorize?client_id=89cf50f02ac6aaed3484&state=166722819&redirect_uri=http%3A%2F%2Flocalhost%3A9005&scope=read%3Auser%20repo%20public_repo
[info] 
[info] Waiting for authentication...
[debug] [2023-06-24T15:39:45.038Z] >>> [apiv2][query] POST https://github.com/login/oauth/access_token [none]
[debug] [2023-06-24T15:39:45.038Z] >>> [apiv2][body] POST https://github.com/login/oauth/access_token [stream]
[debug] [2023-06-24T15:39:52.621Z] <<< [apiv2][status] POST https://github.com/login/oauth/access_token 200
[debug] [2023-06-24T15:39:52.623Z] <<< [apiv2][body] POST https://github.com/login/oauth/access_token {"access_token":"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","token_type":"bearer","scope":"read:user,repo"}
[debug] [2023-06-24T15:39:52.669Z] >>> [apiv2][query] GET https://api.github.com/user [none]
[debug] [2023-06-24T15:39:53.258Z] <<< [apiv2][status] GET https://api.github.com/user 200
[debug] [2023-06-24T15:39:53.259Z] <<< [apiv2][body] GET https://api.github.com/user {"login":"HOS-ELDIN","id":118505808,"node_id":"U_kgDOBxBBUA","avatar_url":"https://avatars.githubusercontent.com/u/118505808?v=4","gravatar_id":"","url":"https://api.github.com/users/HOS-ELDIN","html_url":"https://github.com/HOS-ELDIN","followers_url":"https://api.github.com/users/HOS-ELDIN/followers","following_url":"https://api.github.com/users/HOS-ELDIN/following{/other_user}","gists_url":"https://api.github.com/users/HOS-ELDIN/gists{/gist_id}","starred_url":"https://api.github.com/users/HOS-ELDIN/starred{/owner}{/repo}","subscriptions_url":"https://api.github.com/users/HOS-ELDIN/subscriptions","organizations_url":"https://api.github.com/users/HOS-ELDIN/orgs","repos_url":"https://api.github.com/users/HOS-ELDIN/repos","events_url":"https://api.github.com/users/HOS-ELDIN/events{/privacy}","received_events_url":"https://api.github.com/users/HOS-ELDIN/received_events","type":"User","site_admin":false,"name":"Hossam Eldin Hamdy","company":null,"blog":"","location":"Egypt ","email":null,"hireable":null,"bio":null,"twitter_username":"Eng_7ossamEldin","public_repos":38,"public_gists":0,"followers":1,"following":0,"created_at":"2022-11-18T06:02:02Z","updated_at":"2023-06-24T14:39:49Z","private_gists":1,"total_private_repos":1,"owned_private_repos":1,"disk_usage":42490,"collaborators":0,"two_factor_authentication":false,"plan":{"name":"free","space":976562499,"collaborators":0,"private_repos":10000}}
[info] 
[info] +  Success! Logged into GitHub as HOS-ELDIN 
[info] 
